SF:lib/src/app_widget.dart
DA:8,0
DA:10,0
DA:12,0
DA:16,0
LF:4
LH:0
end_of_record
SF:lib/src/core/routes/app_routes.dart
DA:8,0
DA:12,0
DA:13,0
LF:3
LH:0
end_of_record
SF:lib/src/core/base/errors/infra_error.dart
DA:9,0
DA:11,0
DA:12,0
LF:3
LH:0
end_of_record
SF:lib/src/core/base/interfaces/failures.dart
DA:9,2
DA:11,0
DA:12,0
DA:16,2
DA:17,2
LF:5
LH:3
end_of_record
SF:lib/src/core/base/interfaces/usecase_interface.dart
DA:10,0
DA:11,0
DA:18,0
DA:20,0
DA:22,0
DA:23,0
LF:6
LH:0
end_of_record
SF:lib/src/modules/payments/presentation/page/paymenPage/payments_transactions_page.dart
DA:13,6
DA:15,0
DA:17,0
DA:18,0
DA:19,0
DA:20,0
DA:21,0
DA:27,0
DA:28,0
DA:30,0
DA:31,0
DA:33,0
DA:39,0
DA:40,0
DA:43,0
DA:51,0
DA:52,0
DA:53,0
DA:54,0
DA:60,0
LF:20
LH:1
end_of_record
SF:lib/src/core/utils/converter_helper.dart
DA:4,0
DA:6,0
DA:7,0
DA:9,0
DA:10,0
DA:12,0
DA:16,0
DA:17,0
DA:18,0
DA:19,0
DA:20,0
DA:23,0
DA:24,0
DA:25,0
DA:26,0
DA:27,0
LF:16
LH:0
end_of_record
SF:lib/src/core/utils/extensions.dart
DA:4,0
LF:1
LH:0
end_of_record
SF:lib/src/core/utils/payments_formatter.dart
DA:4,0
DA:6,1
DA:7,2
DA:9,1
DA:10,2
LF:5
LH:4
end_of_record
SF:lib/src/modules/payments/data/model/payments/payments_info_model.dart
DA:5,0
DA:6,0
DA:8,0
DA:9,0
DA:10,0
DA:11,0
DA:12,0
DA:14,0
DA:15,0
DA:16,0
DA:17,0
DA:18,0
DA:20,0
DA:21,0
DA:22,0
DA:23,0
DA:24,0
DA:26,0
DA:27,0
DA:28,0
DA:30,0
LF:21
LH:0
end_of_record
SF:lib/src/modules/payments/data/model/payments/payments_scheduled_model.dart
DA:5,0
DA:17,0
DA:18,0
DA:19,0
DA:20,0
DA:21,0
DA:22,0
DA:23,0
DA:24,0
DA:25,0
DA:26,0
DA:27,0
LF:12
LH:0
end_of_record
SF:lib/src/modules/payments/data/model/payments/payments_summary_model.dart
DA:5,0
DA:7,0
DA:8,0
LF:3
LH:0
end_of_record
SF:lib/src/modules/payments/data/model/payments/payments_transactions_header_model.dart
DA:4,0
DA:6,0
DA:7,0
DA:8,0
DA:9,0
DA:10,0
LF:6
LH:0
end_of_record
SF:lib/src/modules/payments/data/model/payments/payments_transactions_model.dart
DA:5,0
DA:18,0
DA:19,0
DA:20,0
DA:21,0
DA:22,0
DA:23,0
DA:24,0
DA:25,0
DA:26,0
DA:27,0
DA:28,0
DA:29,0
DA:33,0
DA:35,0
DA:36,0
DA:37,0
DA:38,0
DA:39,0
DA:40,0
DA:41,0
DA:42,0
DA:43,0
DA:44,0
DA:45,0
LF:25
LH:0
end_of_record
SF:lib/src/modules/payments/domain/entity/payments_info_entity.dart
DA:11,4
DA:18,0
DA:19,0
LF:3
LH:1
end_of_record
SF:lib/src/modules/payments/domain/entity/payments_schedule_entity.dart
DA:14,0
DA:26,0
DA:27,0
DA:28,0
DA:29,0
DA:30,0
DA:31,0
DA:32,0
DA:33,0
DA:34,0
DA:35,0
DA:36,0
LF:12
LH:0
end_of_record
SF:lib/src/modules/payments/domain/entity/payments_summary_entity.dart
DA:7,0
DA:9,0
DA:10,0
LF:3
LH:0
end_of_record
SF:lib/src/modules/payments/domain/entity/payments_transactions_filter_entity.dart
DA:8,3
DA:10,0
DA:11,0
LF:3
LH:1
end_of_record
SF:lib/src/modules/payments/domain/entity/payments_transactions_entity.dart
DA:15,2
DA:28,0
DA:30,0
DA:31,0
DA:32,0
DA:33,0
DA:34,0
DA:35,0
DA:36,0
DA:37,0
DA:38,0
DA:39,0
LF:12
LH:1
end_of_record
SF:lib/src/modules/payments/data/repository/payment_repository_impl.dart
DA:9,1
DA:11,1
DA:14,3
DA:16,2
LF:4
LH:4
end_of_record
SF:lib/src/modules/payments/domain/entity/detail_row_entity.dart
DA:7,1
DA:14,0
LF:2
LH:1
end_of_record
SF:lib/src/modules/payments/domain/usecase/get_payments_use_case.dart
DA:8,0
DA:10,0
DA:12,0
DA:14,0
DA:15,0
DA:17,0
DA:18,0
DA:19,0
DA:21,0
LF:9
LH:0
end_of_record
SF:lib/src/modules/payments/infra/datasource/payments_datasource_impl.dart
DA:7,0
DA:9,0
DA:12,0
DA:16,0
DA:18,0
DA:20,0
LF:6
LH:0
end_of_record
SF:lib/src/modules/payments/infra/mock/payments_json.dart
DA:1,0
DA:2,0
DA:3,0
DA:14,0
DA:25,0
DA:36,0
DA:47,0
DA:58,0
DA:69,0
DA:80,0
DA:91,0
DA:102,0
DA:113,0
DA:124,0
DA:135,0
DA:146,0
DA:157,0
DA:168,0
DA:179,0
DA:190,0
DA:201,0
DA:212,0
DA:223,0
DA:234,0
DA:245,0
DA:256,0
DA:267,0
DA:278,0
DA:289,0
DA:300,0
DA:311,0
DA:322,0
DA:333,0
DA:344,0
DA:355,0
DA:366,0
DA:377,0
DA:388,0
DA:399,0
DA:410,0
DA:422,0
DA:423,0
DA:424,0
DA:425,0
DA:426,0
DA:428,0
DA:429,0
DA:430,0
DA:431,0
DA:432,0
DA:433,0
DA:434,0
DA:435,0
DA:436,0
DA:438,0
DA:439,0
DA:457,0
DA:475,0
DA:493,0
DA:511,0
DA:529,0
DA:547,0
DA:565,0
DA:583,0
DA:601,0
DA:619,0
DA:637,0
DA:655,0
DA:673,0
DA:694,0
DA:695,0
DA:696,0
DA:697,0
DA:698,0
DA:699,0
DA:700,0
DA:702,0
DA:703,0
LF:78
LH:0
end_of_record
SF:lib/src/modules/payments/presentation/bloc/payments_bloc/payments_bloc.dart
DA:15,1
DA:16,1
DA:19,2
DA:20,2
DA:21,2
DA:24,1
DA:26,4
DA:28,0
DA:32,1
DA:34,3
DA:39,2
DA:41,1
DA:42,2
DA:43,0
DA:46,0
DA:50,1
DA:52,4
DA:54,0
DA:58,0
DA:60,0
DA:61,0
DA:62,0
DA:63,0
DA:65,0
DA:68,0
DA:73,0
DA:77,1
DA:78,3
DA:80,1
DA:86,0
DA:87,0
DA:89,0
DA:91,0
DA:93,0
DA:99,1
DA:101,4
DA:102,2
DA:103,5
DA:105,0
DA:111,0
DA:113,0
DA:114,0
DA:116,0
LF:43
LH:21
end_of_record
SF:lib/src/modules/payments/presentation/bloc/payments_bloc/payments_event.dart
DA:9,4
DA:11,1
DA:12,1
DA:18,2
DA:20,1
DA:21,2
DA:30,2
DA:32,1
DA:33,2
LF:9
LH:9
end_of_record
SF:lib/src/modules/payments/presentation/bloc/payments_bloc/payments_state.dart
DA:14,12
DA:23,3
DA:31,3
DA:32,3
DA:33,3
DA:34,3
DA:35,3
DA:37,3
DA:38,3
DA:42,3
DA:43,3
DA:44,3
DA:45,3
DA:46,3
DA:47,3
DA:48,3
DA:49,3
LF:17
LH:17
end_of_record
SF:lib/src/modules/payments/presentation/bloc/payments_bloc/detail_row_builder.dart
DA:8,1
DA:10,1
DA:11,1
DA:13,1
DA:14,1
DA:15,1
DA:16,1
DA:21,1
DA:23,2
DA:24,2
DA:27,2
DA:30,2
DA:34,2
DA:40,1
DA:42,2
DA:43,2
DA:46,2
DA:48,1
DA:51,2
DA:57,1
DA:59,2
DA:60,2
DA:63,2
DA:66,2
DA:67,2
DA:72,2
DA:78,1
DA:80,2
DA:81,2
DA:84,2
DA:87,2
DA:91,2
LF:32
LH:32
end_of_record
SF:lib/src/modules/payments/presentation/di/payments_dependency_injector.dart
DA:10,0
DA:12,0
DA:13,0
DA:14,0
DA:15,0
DA:16,0
LF:6
LH:0
end_of_record
SF:lib/src/modules/payments/presentation/page/paymenPage/components/appBar_component.dart
DA:9,0
DA:16,0
DA:18,0
DA:23,0
DA:24,0
DA:25,0
DA:33,0
DA:37,0
LF:8
LH:0
end_of_record
SF:lib/src/modules/payments/presentation/page/paymenPage/components/build_financial_card_component.dart
DA:5,0
DA:14,0
DA:16,0
DA:19,0
DA:21,0
DA:23,0
DA:25,0
DA:26,0
DA:27,0
DA:31,0
DA:34,0
DA:35,0
DA:36,0
DA:37,0
DA:38,0
DA:40,0
DA:42,0
DA:48,0
DA:49,0
LF:19
LH:0
end_of_record
SF:lib/src/modules/payments/presentation/page/paymenPage/components/empty_state_component.dart
DA:9,6
DA:14,0
DA:16,0
DA:19,0
DA:20,0
LF:5
LH:1
end_of_record
SF:lib/src/modules/payments/presentation/page/paymenPage/components/financial_card_list_component.dart
DA:11,0
DA:16,0
DA:18,0
DA:21,0
DA:24,0
DA:25,0
DA:26,0
DA:27,0
DA:28,0
DA:29,0
DA:30,0
LF:11
LH:0
end_of_record
SF:lib/src/modules/payments/presentation/page/paymenPage/components/make_payment_component.dart
DA:4,6
DA:8,0
DA:10,0
DA:13,0
DA:15,0
DA:24,0
DA:25,0
LF:7
LH:1
end_of_record
SF:lib/src/modules/payments/presentation/page/paymenPage/components/payment_scheduled_list_component.dart
DA:10,6
DA:12,0
DA:14,0
DA:15,0
DA:16,0
DA:19,0
DA:20,0
DA:22,0
DA:26,0
DA:28,0
DA:31,0
DA:32,0
DA:33,0
DA:36,0
DA:37,0
DA:38,0
DA:39,0
DA:40,0
DA:41,0
DA:42,0
DA:55,0
DA:61,0
DA:62,0
DA:66,0
DA:67,0
DA:70,0
DA:72,0
DA:74,0
DA:75,0
DA:78,0
DA:79,0
DA:83,0
DA:86,0
DA:87,0
DA:88,0
DA:89,0
DA:90,0
DA:91,0
DA:92,0
DA:94,0
DA:96,0
DA:102,0
DA:103,0
DA:111,0
DA:113,0
DA:114,0
DA:115,0
DA:117,0
LF:48
LH:1
end_of_record
SF:lib/src/modules/payments/presentation/page/paymenPage/components/tab_navigation_component.dart
DA:13,0
DA:19,0
DA:21,0
DA:22,0
DA:23,0
DA:24,0
DA:27,0
DA:31,0
DA:32,0
DA:35,0
DA:39,0
DA:40,0
DA:42,0
DA:44,0
DA:50,0
DA:55,0
DA:56,0
DA:57,0
DA:59,0
DA:61,0
DA:62,0
DA:63,0
DA:69,0
LF:23
LH:0
end_of_record
SF:lib/src/modules/payments/presentation/page/paymenPage/components/transactions_list_view_component.dart
DA:8,0
DA:10,0
DA:12,0
DA:13,0
DA:14,0
DA:16,0
DA:20,0
DA:21,0
DA:22,0
DA:23,0
LF:10
LH:0
end_of_record
SF:lib/src/modules/payments/presentation/page/paymenPage/components/transaction_filter_bottom_sheet.dart
DA:7,0
DA:12,0
DA:13,0
DA:15,0
DA:23,0
DA:24,0
DA:25,0
DA:26,0
DA:27,0
DA:29,0
DA:31,0
DA:33,0
DA:35,0
DA:37,0
DA:38,0
DA:52,0
DA:53,0
DA:65,0
DA:67,0
DA:73,0
DA:74,0
DA:75,0
DA:76,0
DA:83,0
DA:84,0
DA:94,0
DA:95,0
DA:96,0
DA:97,0
DA:99,0
DA:105,0
DA:106,0
DA:117,0
LF:33
LH:0
end_of_record
SF:lib/src/modules/payments/presentation/page/paymenPage/components/transactions_detail_card_component.dart
DA:13,0
DA:15,0
DA:17,0
DA:18,0
DA:19,0
DA:21,0
DA:22,0
DA:24,0
DA:26,0
DA:27,0
DA:30,0
DA:33,0
DA:35,0
DA:36,0
DA:37,0
DA:38,0
DA:45,0
DA:54,0
DA:55,0
DA:56,0
DA:57,0
DA:58,0
DA:60,0
DA:62,0
DA:63,0
DA:64,0
DA:65,0
DA:67,0
DA:68,0
DA:70,0
DA:73,0
DA:74,0
DA:75,0
DA:76,0
DA:78,0
DA:80,0
DA:82,0
DA:88,0
DA:89,0
DA:102,0
DA:103,0
DA:104,0
DA:106,0
DA:107,0
DA:109,0
DA:112,0
DA:113,0
DA:114,0
DA:115,0
DA:117,0
DA:119,0
DA:121,0
DA:127,0
DA:128,0
LF:54
LH:0
end_of_record
SF:lib/src/modules/payments/presentation/page/paymenPage/components/transactions_list_component.dart
DA:9,0
DA:14,0
DA:16,0
DA:17,0
DA:18,0
DA:20,0
DA:24,0
LF:7
LH:0
end_of_record
SF:lib/src/modules/payments/presentation/page/paymenPage/components/shimmers/payments_scheduled_shimmer_component.dart
DA:5,0
DA:7,0
DA:9,0
DA:11,0
DA:12,0
DA:13,0
DA:15,0
DA:16,0
DA:21,0
DA:22,0
DA:24,0
DA:25,0
DA:26,0
DA:27,0
DA:28,0
DA:29,0
DA:33,0
DA:35,0
DA:39,0
DA:42,0
DA:45,0
DA:46,0
DA:47,0
LF:23
LH:0
end_of_record
SF:lib/src/modules/payments/presentation/page/paymenPage/components/shimmers/shimmer_loading_component.dart
DA:10,6
DA:12,0
DA:14,0
DA:15,0
DA:16,0
DA:18,0
DA:21,0
DA:22,0
DA:26,0
DA:27,0
DA:28,0
DA:29,0
DA:30,0
LF:13
LH:1
end_of_record
SF:lib/src/modules/payments/presentation/page/paymenPage/components/shimmers/shimmer_schedule_component.dart
DA:5,6
DA:7,0
DA:9,0
DA:10,0
DA:11,0
DA:12,0
DA:15,0
DA:17,0
DA:19,0
DA:21,0
DA:22,0
DA:28,0
DA:29,0
DA:30,0
DA:36,0
LF:15
LH:1
end_of_record
SF:lib/src/modules/payments/presentation/page/paymenPage/components/shimmers/shimmer_transactions_component.dart
DA:5,0
DA:7,0
DA:9,0
DA:10,0
DA:12,0
DA:15,0
DA:18,0
DA:20,0
DA:21,0
DA:22,0
DA:23,0
DA:30,0
DA:32,0
DA:33,0
DA:35,0
DA:37,0
DA:44,0
DA:45,0
DA:47,0
DA:49,0
DA:50,0
DA:52,0
DA:54,0
DA:61,0
DA:71,0
DA:72,0
DA:74,0
DA:75,0
DA:81,0
LF:29
LH:0
end_of_record
SF:lib/src/modules/payments/presentation/page/paymenPage/paymente_page.dart
DA:11,6
DA:13,0
DA:15,0
DA:16,0
DA:17,0
DA:19,0
DA:20,0
DA:21,0
DA:22,0
DA:24,0
DA:26,0
DA:27,0
DA:28,0
DA:30,0
DA:31,0
DA:34,0
DA:39,0
DA:51,0
DA:52,0
DA:54,0
DA:56,0
DA:58,0
DA:66,0
DA:68,0
DA:69,0
DA:70,0
DA:72,0
DA:74,0
DA:77,0
DA:79,0
DA:85,0
DA:88,0
DA:89,0
DA:90,0
DA:92,0
DA:101,0
DA:102,0
DA:103,0
DA:105,0
DA:107,0
DA:115,0
DA:117,0
DA:118,0
DA:119,0
DA:120,0
DA:122,0
DA:124,0
DA:126,0
DA:132,0
DA:133,0
DA:134,0
DA:136,0
DA:138,0
DA:146,0
DA:147,0
DA:148,0
DA:150,0
DA:151,0
LF:58
LH:1
end_of_record
